  hoverCar.cpp
c:\users\michael\desktop\hovercar\hovercar.cpp(466): warning C4244: 'argument': conversion from 'const int' to 'float', possible loss of data
c:\users\michael\desktop\hovercar\hovercar.cpp(471): warning C4244: 'argument': conversion from 'const int' to 'float', possible loss of data
c:\users\michael\desktop\hovercar\hovercar.cpp(476): warning C4244: 'argument': conversion from 'const int' to 'float', possible loss of data
c:\users\michael\desktop\hovercar\hovercar.cpp(485): warning C4244: 'argument': conversion from 'const int' to 'float', possible loss of data
c:\users\michael\desktop\hovercar\hovercar.cpp(485): warning C4244: 'argument': conversion from 'int' to 'float', possible loss of data
c:\users\michael\desktop\hovercar\hovercar.cpp(565): warning C4244: 'argument': conversion from 'const int' to 'float', possible loss of data
c:\users\michael\desktop\hovercar\hovercar.cpp(570): warning C4244: 'argument': conversion from 'const int' to 'float', possible loss of data
c:\users\michael\desktop\hovercar\hovercar.cpp(575): warning C4244: 'argument': conversion from 'const int' to 'float', possible loss of data
c:\users\michael\desktop\hovercar\hovercar.cpp(584): warning C4244: 'argument': conversion from 'const int' to 'float', possible loss of data
c:\users\michael\desktop\hovercar\hovercar.cpp(584): warning C4244: 'argument': conversion from 'int' to 'float', possible loss of data
c:\users\michael\desktop\hovercar\hovercar.cpp(153): warning C4101: 'twoyellowLight': unreferenced local variable
c:\users\michael\desktop\hovercar\hovercar.cpp(154): warning C4101: 'threeyellowLight': unreferenced local variable
c:\users\michael\desktop\hovercar\hovercar.cpp(155): warning C4101: 'greenLight': unreferenced local variable
c:\users\michael\desktop\hovercar\hovercar.cpp(815): warning C4244: 'argument': conversion from 'float' to 'const int', possible loss of data
TL-Engine2015Debug.lib(TL-Engine.obj) : warning LNK4099: PDB 'TL-Engine.pdb' was not found with 'TL-Engine2015Debug.lib(TL-Engine.obj)' or at 'C:\Users\Michael\Desktop\hoverCar\TL-Engine.pdb'; linking object as if no debug info
TL-Engine2015Debug.lib(Errors.obj) : warning LNK4099: PDB 'Common.pdb' was not found with 'TL-Engine2015Debug.lib(Errors.obj)' or at 'C:\Users\Michael\Desktop\hoverCar\Common.pdb'; linking object as if no debug info
TL-Engine2015Debug.lib(TLXSprite.obj) : warning LNK4099: PDB '3DEngine.pdb' was not found with 'TL-Engine2015Debug.lib(TLXSprite.obj)' or at 'C:\Users\Michael\Desktop\hoverCar\3DEngine.pdb'; linking object as if no debug info
TL-Engine2015Debug.lib(TLXSceneNode.obj) : warning LNK4099: PDB '3DEngine.pdb' was not found with 'TL-Engine2015Debug.lib(TLXSceneNode.obj)' or at 'C:\Users\Michael\Desktop\hoverCar\3DEngine.pdb'; linking object as if no debug info
TL-Engine2015Debug.lib(TLXModelNode.obj) : warning LNK4099: PDB '3DEngine.pdb' was not found with 'TL-Engine2015Debug.lib(TLXModelNode.obj)' or at 'C:\Users\Michael\Desktop\hoverCar\3DEngine.pdb'; linking object as if no debug info
TL-Engine2015Debug.lib(TLXModel.obj) : warning LNK4099: PDB '3DEngine.pdb' was not found with 'TL-Engine2015Debug.lib(TLXModel.obj)' or at 'C:\Users\Michael\Desktop\hoverCar\3DEngine.pdb'; linking object as if no debug info
TL-Engine2015Debug.lib(TLXMesh.obj) : warning LNK4099: PDB '3DEngine.pdb' was not found with 'TL-Engine2015Debug.lib(TLXMesh.obj)' or at 'C:\Users\Michael\Desktop\hoverCar\3DEngine.pdb'; linking object as if no debug info
TL-Engine2015Debug.lib(TLXLight.obj) : warning LNK4099: PDB '3DEngine.pdb' was not found with 'TL-Engine2015Debug.lib(TLXLight.obj)' or at 'C:\Users\Michael\Desktop\hoverCar\3DEngine.pdb'; linking object as if no debug info
TL-Engine2015Debug.lib(TLXFont.obj) : warning LNK4099: PDB '3DEngine.pdb' was not found with 'TL-Engine2015Debug.lib(TLXFont.obj)' or at 'C:\Users\Michael\Desktop\hoverCar\3DEngine.pdb'; linking object as if no debug info
TL-Engine2015Debug.lib(TLXEngine.obj) : warning LNK4099: PDB '3DEngine.pdb' was not found with 'TL-Engine2015Debug.lib(TLXEngine.obj)' or at 'C:\Users\Michael\Desktop\hoverCar\3DEngine.pdb'; linking object as if no debug info
TL-Engine2015Debug.lib(TLXCamera.obj) : warning LNK4099: PDB '3DEngine.pdb' was not found with 'TL-Engine2015Debug.lib(TLXCamera.obj)' or at 'C:\Users\Michael\Desktop\hoverCar\3DEngine.pdb'; linking object as if no debug info
TL-Engine2015Debug.lib(IrrlichtSceneNode.obj) : warning LNK4099: PDB '3DEngine.pdb' was not found with 'TL-Engine2015Debug.lib(IrrlichtSceneNode.obj)' or at 'C:\Users\Michael\Desktop\hoverCar\3DEngine.pdb'; linking object as if no debug info
TL-Engine2015Debug.lib(IrrlichtModel.obj) : warning LNK4099: PDB '3DEngine.pdb' was not found with 'TL-Engine2015Debug.lib(IrrlichtModel.obj)' or at 'C:\Users\Michael\Desktop\hoverCar\3DEngine.pdb'; linking object as if no debug info
TL-Engine2015Debug.lib(IrrlichtMesh.obj) : warning LNK4099: PDB '3DEngine.pdb' was not found with 'TL-Engine2015Debug.lib(IrrlichtMesh.obj)' or at 'C:\Users\Michael\Desktop\hoverCar\3DEngine.pdb'; linking object as if no debug info
TL-Engine2015Debug.lib(IrrlichtLight.obj) : warning LNK4099: PDB '3DEngine.pdb' was not found with 'TL-Engine2015Debug.lib(IrrlichtLight.obj)' or at 'C:\Users\Michael\Desktop\hoverCar\3DEngine.pdb'; linking object as if no debug info
TL-Engine2015Debug.lib(IrrlichtInput.obj) : warning LNK4099: PDB '3DEngine.pdb' was not found with 'TL-Engine2015Debug.lib(IrrlichtInput.obj)' or at 'C:\Users\Michael\Desktop\hoverCar\3DEngine.pdb'; linking object as if no debug info
TL-Engine2015Debug.lib(IrrlichtFont.obj) : warning LNK4099: PDB '3DEngine.pdb' was not found with 'TL-Engine2015Debug.lib(IrrlichtFont.obj)' or at 'C:\Users\Michael\Desktop\hoverCar\3DEngine.pdb'; linking object as if no debug info
TL-Engine2015Debug.lib(IrrlichtEngine.obj) : warning LNK4099: PDB '3DEngine.pdb' was not found with 'TL-Engine2015Debug.lib(IrrlichtEngine.obj)' or at 'C:\Users\Michael\Desktop\hoverCar\3DEngine.pdb'; linking object as if no debug info
TL-Engine2015Debug.lib(IrrlichtCamera.obj) : warning LNK4099: PDB '3DEngine.pdb' was not found with 'TL-Engine2015Debug.lib(IrrlichtCamera.obj)' or at 'C:\Users\Michael\Desktop\hoverCar\3DEngine.pdb'; linking object as if no debug info
  hoverCar.vcxproj -> C:\Users\Michael\Desktop\hoverCar\\hoverCarDebug.exe
